10-Nov-2025 01:07:16.743 INFO [http-nio-8083-exec-5] org.apache.catalina.core.ApplicationContext.log Manager: init: Associated with Deployer 'Catalina:type=Deployer,host=localhost'
10-Nov-2025 01:07:16.743 INFO [http-nio-8083-exec-5] org.apache.catalina.core.ApplicationContext.log Manager: init: Global resources are available
10-Nov-2025 01:07:16.767 INFO [http-nio-8083-exec-7] org.apache.catalina.core.ApplicationContext.log Manager: list: Listing contexts for virtual host 'localhost'
10-Nov-2025 01:07:16.769 INFO [http-nio-8083-exec-9] org.apache.catalina.core.ApplicationContext.log Manager: list: Listing contexts for virtual host 'localhost'
10-Nov-2025 01:07:16.781 INFO [http-nio-8083-exec-8] org.apache.catalina.core.ApplicationContext.log Manager: install: Installing context configuration at 'file:/C:/Users/david/AppData/Local/Temp/context4049282324616760815.xml'
10-Nov-2025 01:09:04.228 INFO [http-nio-8083-exec-14] org.apache.catalina.core.ApplicationContext.log Manager: list: Listing contexts for virtual host 'localhost'
10-Nov-2025 01:09:04.237 INFO [http-nio-8083-exec-4] org.apache.catalina.core.ApplicationContext.log Manager: list: Listing contexts for virtual host 'localhost'
10-Nov-2025 01:09:46.020 INFO [http-nio-8083-exec-16] org.apache.catalina.core.ApplicationContext.log Manager: list: Listing contexts for virtual host 'localhost'
10-Nov-2025 01:09:46.025 INFO [http-nio-8083-exec-12] org.apache.catalina.core.ApplicationContext.log Manager: undeploy: Undeploying web application at '/Escenario2-Rendimiento'
10-Nov-2025 01:09:46.545 INFO [http-nio-8083-exec-15] org.apache.catalina.core.ApplicationContext.log Manager: install: Installing context configuration at 'file:/C:/Users/david/AppData/Local/Temp/context6128410558394426405.xml'
10-Nov-2025 01:10:05.582 INFO [http-nio-8083-exec-14] org.apache.catalina.core.ApplicationContext.log Manager: list: Listing contexts for virtual host 'localhost'
10-Nov-2025 01:10:05.584 INFO [http-nio-8083-exec-13] org.apache.catalina.core.ApplicationContext.log Manager: list: Listing contexts for virtual host 'localhost'
10-Nov-2025 01:10:08.329 INFO [http-nio-8083-exec-11] org.apache.catalina.core.ApplicationContext.log Manager: start: Starting web application '/Escenario2-Rendimiento'
10-Nov-2025 01:11:07.765 INFO [http-nio-8083-exec-21] org.apache.catalina.core.ApplicationContext.log Manager: list: Listing contexts for virtual host 'localhost'
10-Nov-2025 01:11:07.770 INFO [http-nio-8083-exec-12] org.apache.catalina.core.ApplicationContext.log Manager: undeploy: Undeploying web application at '/Escenario2-Rendimiento'
10-Nov-2025 01:11:08.292 INFO [http-nio-8083-exec-20] org.apache.catalina.core.ApplicationContext.log Manager: install: Installing context configuration at 'file:/C:/Users/david/AppData/Local/Temp/context13087577537088854209.xml'
10-Nov-2025 01:11:46.742 INFO [http-nio-8083-exec-21] org.apache.catalina.core.ApplicationContext.log Manager: list: Listing contexts for virtual host 'localhost'
10-Nov-2025 01:11:46.744 INFO [http-nio-8083-exec-5] org.apache.catalina.core.ApplicationContext.log Manager: list: Listing contexts for virtual host 'localhost'
10-Nov-2025 01:14:03.744 INFO [http-nio-8083-exec-3] org.apache.catalina.core.ApplicationContext.log Manager: init: Associated with Deployer 'Catalina:type=Deployer,host=localhost'
10-Nov-2025 01:14:03.744 INFO [http-nio-8083-exec-3] org.apache.catalina.core.ApplicationContext.log Manager: init: Global resources are available
10-Nov-2025 01:14:03.753 INFO [http-nio-8083-exec-9] org.apache.catalina.core.ApplicationContext.log Manager: list: Listing contexts for virtual host 'localhost'
10-Nov-2025 01:14:03.759 INFO [http-nio-8083-exec-4] org.apache.catalina.core.ApplicationContext.log Manager: undeploy: Undeploying web application at '/Escenario2-Rendimiento'
10-Nov-2025 01:14:04.275 INFO [http-nio-8083-exec-5] org.apache.catalina.core.ApplicationContext.log Manager: install: Installing context configuration at 'file:/C:/Users/david/AppData/Local/Temp/context4498634987751828234.xml'
10-Nov-2025 01:41:37.341 INFO [http-nio-8083-exec-18] org.apache.catalina.core.ApplicationContext.log Manager: list: Listing contexts for virtual host 'localhost'
10-Nov-2025 01:41:37.346 INFO [http-nio-8083-exec-17] org.apache.catalina.core.ApplicationContext.log Manager: undeploy: Undeploying web application at '/Escenario2-Rendimiento'
10-Nov-2025 01:41:37.860 INFO [http-nio-8083-exec-14] org.apache.catalina.core.ApplicationContext.log Manager: install: Installing context configuration at 'file:/C:/Users/david/AppData/Local/Temp/context3941621927420561853.xml'
10-Nov-2025 01:42:25.096 INFO [http-nio-8083-exec-3] org.apache.catalina.core.ApplicationContext.log Manager: init: Associated with Deployer 'Catalina:type=Deployer,host=localhost'
10-Nov-2025 01:42:25.096 INFO [http-nio-8083-exec-3] org.apache.catalina.core.ApplicationContext.log Manager: init: Global resources are available
10-Nov-2025 01:42:25.107 INFO [http-nio-8083-exec-9] org.apache.catalina.core.ApplicationContext.log Manager: list: Listing contexts for virtual host 'localhost'
10-Nov-2025 01:42:25.114 INFO [http-nio-8083-exec-5] org.apache.catalina.core.ApplicationContext.log Manager: undeploy: Undeploying web application at '/Escenario2-Rendimiento'
10-Nov-2025 01:42:25.640 INFO [http-nio-8083-exec-6] org.apache.catalina.core.ApplicationContext.log Manager: install: Installing context configuration at 'file:/C:/Users/david/AppData/Local/Temp/context16043883417271619880.xml'
10-Nov-2025 01:44:04.911 INFO [http-nio-8083-exec-13] org.apache.catalina.core.ApplicationContext.log Manager: list: Listing contexts for virtual host 'localhost'
10-Nov-2025 01:44:04.916 INFO [http-nio-8083-exec-3] org.apache.catalina.core.ApplicationContext.log Manager: undeploy: Undeploying web application at '/Escenario2-Rendimiento'
10-Nov-2025 01:44:05.434 INFO [http-nio-8083-exec-2] org.apache.catalina.core.ApplicationContext.log Manager: install: Installing context configuration at 'file:/C:/Users/david/AppData/Local/Temp/context12606509031146171676.xml'
10-Nov-2025 01:44:42.546 INFO [http-nio-8083-exec-6] org.apache.catalina.core.ApplicationContext.log Manager: init: Associated with Deployer 'Catalina:type=Deployer,host=localhost'
10-Nov-2025 01:44:42.546 INFO [http-nio-8083-exec-6] org.apache.catalina.core.ApplicationContext.log Manager: init: Global resources are available
10-Nov-2025 01:44:42.557 INFO [http-nio-8083-exec-9] org.apache.catalina.core.ApplicationContext.log Manager: list: Listing contexts for virtual host 'localhost'
10-Nov-2025 01:44:42.562 INFO [http-nio-8083-exec-10] org.apache.catalina.core.ApplicationContext.log Manager: undeploy: Undeploying web application at '/Escenario2-Rendimiento'
10-Nov-2025 01:44:43.085 INFO [http-nio-8083-exec-5] org.apache.catalina.core.ApplicationContext.log Manager: install: Installing context configuration at 'file:/C:/Users/david/AppData/Local/Temp/context13127839182536780596.xml'
10-Nov-2025 01:48:04.278 INFO [http-nio-8083-exec-3] org.apache.catalina.core.ApplicationContext.log Manager: init: Associated with Deployer 'Catalina:type=Deployer,host=localhost'
10-Nov-2025 01:48:04.278 INFO [http-nio-8083-exec-3] org.apache.catalina.core.ApplicationContext.log Manager: init: Global resources are available
10-Nov-2025 01:48:04.289 INFO [http-nio-8083-exec-10] org.apache.catalina.core.ApplicationContext.log Manager: list: Listing contexts for virtual host 'localhost'
10-Nov-2025 01:48:04.294 INFO [http-nio-8083-exec-4] org.apache.catalina.core.ApplicationContext.log Manager: undeploy: Undeploying web application at '/Escenario2-Rendimiento'
10-Nov-2025 01:48:04.818 INFO [http-nio-8083-exec-9] org.apache.catalina.core.ApplicationContext.log Manager: install: Installing context configuration at 'file:/C:/Users/david/AppData/Local/Temp/context814464498157146201.xml'
10-Nov-2025 01:53:56.288 INFO [http-nio-8083-exec-3] org.apache.catalina.core.ApplicationContext.log Manager: init: Associated with Deployer 'Catalina:type=Deployer,host=localhost'
10-Nov-2025 01:53:56.288 INFO [http-nio-8083-exec-3] org.apache.catalina.core.ApplicationContext.log Manager: init: Global resources are available
10-Nov-2025 01:53:56.300 INFO [http-nio-8083-exec-10] org.apache.catalina.core.ApplicationContext.log Manager: list: Listing contexts for virtual host 'localhost'
10-Nov-2025 01:53:56.312 INFO [http-nio-8083-exec-6] org.apache.catalina.core.ApplicationContext.log Manager: undeploy: Undeploying web application at '/Escenario2-Rendimiento'
10-Nov-2025 01:53:56.829 INFO [http-nio-8083-exec-9] org.apache.catalina.core.ApplicationContext.log Manager: install: Installing context configuration at 'file:/C:/Users/david/AppData/Local/Temp/context233105856916605214.xml'
10-Nov-2025 01:58:55.437 INFO [http-nio-8083-exec-3] org.apache.catalina.core.ApplicationContext.log Manager: init: Associated with Deployer 'Catalina:type=Deployer,host=localhost'
10-Nov-2025 01:58:55.437 INFO [http-nio-8083-exec-3] org.apache.catalina.core.ApplicationContext.log Manager: init: Global resources are available
10-Nov-2025 01:58:55.449 INFO [http-nio-8083-exec-10] org.apache.catalina.core.ApplicationContext.log Manager: list: Listing contexts for virtual host 'localhost'
10-Nov-2025 01:58:55.458 INFO [http-nio-8083-exec-3] org.apache.catalina.core.ApplicationContext.log Manager: undeploy: Undeploying web application at '/Escenario2-Rendimiento'
10-Nov-2025 01:58:55.983 INFO [http-nio-8083-exec-9] org.apache.catalina.core.ApplicationContext.log Manager: install: Installing context configuration at 'file:/C:/Users/david/AppData/Local/Temp/context8803090972176160455.xml'
10-Nov-2025 02:46:19.686 INFO [http-nio-8083-exec-2] org.apache.catalina.core.ApplicationContext.log Manager: init: Associated with Deployer 'Catalina:type=Deployer,host=localhost'
10-Nov-2025 02:46:19.686 INFO [http-nio-8083-exec-2] org.apache.catalina.core.ApplicationContext.log Manager: init: Global resources are available
10-Nov-2025 02:46:19.706 INFO [http-nio-8083-exec-7] org.apache.catalina.core.ApplicationContext.log Manager: list: Listing contexts for virtual host 'localhost'
10-Nov-2025 02:46:19.714 INFO [http-nio-8083-exec-9] org.apache.catalina.core.ApplicationContext.log Manager: undeploy: Undeploying web application at '/Escenario2-Rendimiento'
10-Nov-2025 02:46:20.246 INFO [http-nio-8083-exec-7] org.apache.catalina.core.ApplicationContext.log Manager: install: Installing context configuration at 'file:/C:/Users/david/AppData/Local/Temp/context3394429031473902031.xml'
10-Nov-2025 02:46:20.624 INFO [http-nio-8083-exec-1] org.apache.catalina.core.ApplicationContext.log Manager: start: Starting web application '/Escenario2-Rendimiento'
10-Nov-2025 02:47:13.263 INFO [http-nio-8083-exec-11] org.apache.catalina.core.ApplicationContext.log Manager: list: Listing contexts for virtual host 'localhost'
10-Nov-2025 02:47:13.265 INFO [http-nio-8083-exec-1] org.apache.catalina.core.ApplicationContext.log Manager: list: Listing contexts for virtual host 'localhost'
10-Nov-2025 02:47:13.270 INFO [http-nio-8083-exec-7] org.apache.catalina.core.ApplicationContext.log Manager: undeploy: Undeploying web application at '/Escenario2-Rendimiento'
10-Nov-2025 02:47:13.800 INFO [http-nio-8083-exec-14] org.apache.catalina.core.ApplicationContext.log Manager: install: Installing context configuration at 'file:/C:/Users/david/AppData/Local/Temp/context4350745104984256266.xml'
10-Nov-2025 02:47:14.141 INFO [http-nio-8083-exec-13] org.apache.catalina.core.ApplicationContext.log Manager: start: Starting web application '/Escenario2-Rendimiento'
10-Nov-2025 02:47:40.164 INFO [http-nio-8083-exec-14] org.apache.catalina.core.ApplicationContext.log Manager: list: Listing contexts for virtual host 'localhost'
10-Nov-2025 02:47:40.166 INFO [http-nio-8083-exec-18] org.apache.catalina.core.ApplicationContext.log Manager: list: Listing contexts for virtual host 'localhost'
10-Nov-2025 02:47:40.170 INFO [http-nio-8083-exec-15] org.apache.catalina.core.ApplicationContext.log Manager: undeploy: Undeploying web application at '/Escenario2-Rendimiento'
10-Nov-2025 02:47:40.697 INFO [http-nio-8083-exec-16] org.apache.catalina.core.ApplicationContext.log Manager: install: Installing context configuration at 'file:/C:/Users/david/AppData/Local/Temp/context2917035130458249129.xml'
10-Nov-2025 02:47:40.994 INFO [http-nio-8083-exec-18] org.apache.catalina.core.ApplicationContext.log Manager: start: Starting web application '/Escenario2-Rendimiento'
10-Nov-2025 02:49:40.190 INFO [http-nio-8083-exec-1] org.apache.catalina.core.ApplicationContext.log Manager: init: Associated with Deployer 'Catalina:type=Deployer,host=localhost'
10-Nov-2025 02:49:40.190 INFO [http-nio-8083-exec-1] org.apache.catalina.core.ApplicationContext.log Manager: init: Global resources are available
10-Nov-2025 02:49:40.198 INFO [http-nio-8083-exec-8] org.apache.catalina.core.ApplicationContext.log Manager: list: Listing contexts for virtual host 'localhost'
10-Nov-2025 02:49:40.202 INFO [http-nio-8083-exec-1] org.apache.catalina.core.ApplicationContext.log Manager: list: Listing contexts for virtual host 'localhost'
10-Nov-2025 02:49:40.208 INFO [http-nio-8083-exec-3] org.apache.catalina.core.ApplicationContext.log Manager: undeploy: Undeploying web application at '/Escenario2-Rendimiento'
10-Nov-2025 02:49:40.736 INFO [http-nio-8083-exec-2] org.apache.catalina.core.ApplicationContext.log Manager: install: Installing context configuration at 'file:/C:/Users/david/AppData/Local/Temp/context10581070465434949293.xml'
10-Nov-2025 02:49:41.069 INFO [http-nio-8083-exec-1] org.apache.catalina.core.ApplicationContext.log Manager: start: Starting web application '/Escenario2-Rendimiento'
10-Nov-2025 02:50:04.309 INFO [http-nio-8083-exec-4] org.apache.catalina.core.ApplicationContext.log Manager: list: Listing contexts for virtual host 'localhost'
10-Nov-2025 02:50:04.313 INFO [http-nio-8083-exec-6] org.apache.catalina.core.ApplicationContext.log Manager: undeploy: Undeploying web application at '/Escenario2-Rendimiento'
10-Nov-2025 02:50:16.849 INFO [http-nio-8083-exec-10] org.apache.catalina.core.ApplicationContext.log Manager: list: Listing contexts for virtual host 'localhost'
10-Nov-2025 02:50:16.850 INFO [http-nio-8083-exec-11] org.apache.catalina.core.ApplicationContext.log Manager: list: Listing contexts for virtual host 'localhost'
10-Nov-2025 02:50:16.856 INFO [http-nio-8083-exec-9] org.apache.catalina.core.ApplicationContext.log Manager: install: Installing context configuration at 'file:/C:/Users/david/AppData/Local/Temp/context2281286779899214679.xml'
10-Nov-2025 02:50:17.148 INFO [http-nio-8083-exec-4] org.apache.catalina.core.ApplicationContext.log Manager: start: Starting web application '/Escenario2-Rendimiento'
10-Nov-2025 02:52:21.380 INFO [http-nio-8083-exec-14] org.apache.catalina.core.ApplicationContext.log Manager: list: Listing contexts for virtual host 'localhost'
10-Nov-2025 02:52:21.383 INFO [http-nio-8083-exec-6] org.apache.catalina.core.ApplicationContext.log Manager: undeploy: Undeploying web application at '/Escenario2-Rendimiento'
10-Nov-2025 02:52:29.833 INFO [http-nio-8083-exec-18] org.apache.catalina.core.ApplicationContext.log Manager: list: Listing contexts for virtual host 'localhost'
10-Nov-2025 02:52:32.840 INFO [http-nio-8083-exec-14] org.apache.catalina.core.ApplicationContext.log Manager: list: Listing contexts for virtual host 'localhost'
10-Nov-2025 02:52:32.849 INFO [http-nio-8083-exec-16] org.apache.catalina.core.ApplicationContext.log Manager: install: Installing context configuration at 'file:/C:/Users/david/AppData/Local/Temp/context8430566329458564282.xml'
10-Nov-2025 02:52:33.222 INFO [http-nio-8083-exec-6] org.apache.catalina.core.ApplicationContext.log Manager: start: Starting web application '/Escenario2-Rendimiento'
10-Nov-2025 02:54:09.253 INFO [http-nio-8083-exec-27] org.apache.catalina.core.ApplicationContext.log Manager: list: Listing contexts for virtual host 'localhost'
10-Nov-2025 02:54:09.257 INFO [http-nio-8083-exec-21] org.apache.catalina.core.ApplicationContext.log Manager: undeploy: Undeploying web application at '/Escenario2-Rendimiento'
10-Nov-2025 02:54:17.912 INFO [http-nio-8083-exec-29] org.apache.catalina.core.ApplicationContext.log Manager: list: Listing contexts for virtual host 'localhost'
10-Nov-2025 02:54:17.913 INFO [http-nio-8083-exec-26] org.apache.catalina.core.ApplicationContext.log Manager: list: Listing contexts for virtual host 'localhost'
10-Nov-2025 02:54:17.919 INFO [http-nio-8083-exec-23] org.apache.catalina.core.ApplicationContext.log Manager: install: Installing context configuration at 'file:/C:/Users/david/AppData/Local/Temp/context4111241731779835205.xml'
10-Nov-2025 02:54:18.204 INFO [http-nio-8083-exec-22] org.apache.catalina.core.ApplicationContext.log Manager: start: Starting web application '/Escenario2-Rendimiento'
10-Nov-2025 02:55:02.366 INFO [http-nio-8083-exec-22] org.apache.catalina.core.ApplicationContext.log Manager: list: Listing contexts for virtual host 'localhost'
10-Nov-2025 02:55:02.370 INFO [http-nio-8083-exec-28] org.apache.catalina.core.ApplicationContext.log Manager: undeploy: Undeploying web application at '/Escenario2-Rendimiento'
10-Nov-2025 02:55:10.828 INFO [http-nio-8083-exec-35] org.apache.catalina.core.ApplicationContext.log Manager: list: Listing contexts for virtual host 'localhost'
10-Nov-2025 02:55:10.830 INFO [http-nio-8083-exec-19] org.apache.catalina.core.ApplicationContext.log Manager: list: Listing contexts for virtual host 'localhost'
10-Nov-2025 02:55:10.837 INFO [http-nio-8083-exec-29] org.apache.catalina.core.ApplicationContext.log Manager: install: Installing context configuration at 'file:/C:/Users/david/AppData/Local/Temp/context16829175139119109899.xml'
10-Nov-2025 02:55:11.098 INFO [http-nio-8083-exec-32] org.apache.catalina.core.ApplicationContext.log Manager: start: Starting web application '/Escenario2-Rendimiento'
10-Nov-2025 02:56:45.035 INFO [http-nio-8083-exec-41] org.apache.catalina.core.ApplicationContext.log Manager: list: Listing contexts for virtual host 'localhost'
10-Nov-2025 02:56:45.038 INFO [http-nio-8083-exec-26] org.apache.catalina.core.ApplicationContext.log Manager: undeploy: Undeploying web application at '/Escenario2-Rendimiento'
10-Nov-2025 02:56:54.699 INFO [http-nio-8083-exec-39] org.apache.catalina.core.ApplicationContext.log Manager: list: Listing contexts for virtual host 'localhost'
10-Nov-2025 02:56:54.702 INFO [http-nio-8083-exec-38] org.apache.catalina.core.ApplicationContext.log Manager: list: Listing contexts for virtual host 'localhost'
10-Nov-2025 02:56:54.709 INFO [http-nio-8083-exec-36] org.apache.catalina.core.ApplicationContext.log Manager: install: Installing context configuration at 'file:/C:/Users/david/AppData/Local/Temp/context5813692435289295772.xml'
10-Nov-2025 02:56:54.964 INFO [http-nio-8083-exec-34] org.apache.catalina.core.ApplicationContext.log Manager: start: Starting web application '/Escenario2-Rendimiento'
10-Nov-2025 02:59:58.757 INFO [http-nio-8080-exec-3] org.apache.catalina.core.ApplicationContext.log Manager: init: Associated with Deployer 'Catalina:type=Deployer,host=localhost'
10-Nov-2025 02:59:58.757 INFO [http-nio-8080-exec-3] org.apache.catalina.core.ApplicationContext.log Manager: init: Global resources are available
10-Nov-2025 02:59:58.769 INFO [http-nio-8080-exec-3] org.apache.catalina.core.ApplicationContext.log Manager: list: Listing contexts for virtual host 'localhost'
10-Nov-2025 02:59:58.772 INFO [http-nio-8080-exec-7] org.apache.catalina.core.ApplicationContext.log Manager: list: Listing contexts for virtual host 'localhost'
10-Nov-2025 02:59:58.778 INFO [http-nio-8080-exec-8] org.apache.catalina.core.ApplicationContext.log Manager: undeploy: Undeploying web application at '/Escenario2-Rendimiento'
10-Nov-2025 02:59:59.309 INFO [http-nio-8080-exec-3] org.apache.catalina.core.ApplicationContext.log Manager: install: Installing context configuration at 'file:/C:/Users/david/AppData/Local/Temp/context12175447146242529617.xml'
10-Nov-2025 02:59:59.600 INFO [http-nio-8080-exec-4] org.apache.catalina.core.ApplicationContext.log Manager: start: Starting web application '/Escenario2-Rendimiento'
10-Nov-2025 16:19:50.722 INFO [http-nio-8080-exec-5] org.apache.catalina.core.ApplicationContext.log Manager: init: Associated with Deployer 'Catalina:type=Deployer,host=localhost'
10-Nov-2025 16:19:50.723 INFO [http-nio-8080-exec-5] org.apache.catalina.core.ApplicationContext.log Manager: init: Global resources are available
10-Nov-2025 16:19:50.751 INFO [http-nio-8080-exec-8] org.apache.catalina.core.ApplicationContext.log Manager: list: Listing contexts for virtual host 'localhost'
10-Nov-2025 16:19:50.754 INFO [http-nio-8080-exec-9] org.apache.catalina.core.ApplicationContext.log Manager: list: Listing contexts for virtual host 'localhost'
10-Nov-2025 16:19:50.768 INFO [http-nio-8080-exec-10] org.apache.catalina.core.ApplicationContext.log Manager: undeploy: Undeploying web application at '/Escenario2-Rendimiento'
10-Nov-2025 16:19:51.314 INFO [http-nio-8080-exec-3] org.apache.catalina.core.ApplicationContext.log Manager: install: Installing context configuration at 'file:/C:/Users/david/AppData/Local/Temp/context16693099372910155884.xml'
10-Nov-2025 16:19:53.510 INFO [http-nio-8080-exec-1] org.apache.catalina.core.ApplicationContext.log Manager: start: Starting web application '/Escenario2-Rendimiento'
10-Nov-2025 16:51:32.143 INFO [http-nio-8080-exec-5] org.apache.catalina.core.ApplicationContext.log Manager: init: Associated with Deployer 'Catalina:type=Deployer,host=localhost'
10-Nov-2025 16:51:32.143 INFO [http-nio-8080-exec-5] org.apache.catalina.core.ApplicationContext.log Manager: init: Global resources are available
10-Nov-2025 16:51:32.155 INFO [http-nio-8080-exec-4] org.apache.catalina.core.ApplicationContext.log Manager: list: Listing contexts for virtual host 'localhost'
10-Nov-2025 16:51:32.158 INFO [http-nio-8080-exec-7] org.apache.catalina.core.ApplicationContext.log Manager: list: Listing contexts for virtual host 'localhost'
10-Nov-2025 16:51:32.163 INFO [http-nio-8080-exec-8] org.apache.catalina.core.ApplicationContext.log Manager: undeploy: Undeploying web application at '/Escenario2-Rendimiento'
10-Nov-2025 16:51:32.716 INFO [http-nio-8080-exec-9] org.apache.catalina.core.ApplicationContext.log Manager: install: Installing context configuration at 'file:/C:/Users/david/AppData/Local/Temp/context13145313795805604474.xml'
10-Nov-2025 16:51:34.933 INFO [http-nio-8080-exec-6] org.apache.catalina.core.ApplicationContext.log Manager: start: Starting web application '/Escenario2-Rendimiento'
